SPRINGBOOT_SECURITY 16:03:20.531 INFO  com.kt.edu.thirdproject.common.config.JwtRequestFilter : - JWT Start 
SPRINGBOOT_SECURITY 16:03:20.531 INFO  com.kt.edu.thirdproject.common.filter.LogFilter : - [/favicon.ico] LogFilter doFilter Start 
SPRINGBOOT_SECURITY 16:03:20.531 INFO  com.kt.edu.thirdproject.common.filter.LogFilter : -  Headers 
SPRINGBOOT_SECURITY 16:03:20.531 INFO  com.kt.edu.thirdproject.common.filter.LogFilter : - host = localhost:9080 
SPRINGBOOT_SECURITY 16:03:20.531 INFO  com.kt.edu.thirdproject.common.filter.LogFilter : - connection = keep-alive 
SPRINGBOOT_SECURITY 16:03:20.531 INFO  com.kt.edu.thirdproject.common.filter.LogFilter : - sec-ch-ua = "Not A(Brand";v="99", "Google Chrome";v="121", "Chromium";v="121" 
SPRINGBOOT_SECURITY 16:03:20.531 INFO  com.kt.edu.thirdproject.common.filter.LogFilter : - sec-ch-ua-mobile = ?0 
SPRINGBOOT_SECURITY 16:03:20.531 INFO  com.kt.edu.thirdproject.common.filter.LogFilter : - user-agent = Mozilla/5.0 (X11; Linux x86_64) AppleWebKit/537.36 (KHTML, like Gecko) Chrome/121.0.0.0 Safari/537.36 
SPRINGBOOT_SECURITY 16:03:20.531 INFO  com.kt.edu.thirdproject.common.filter.LogFilter : - sec-ch-ua-platform = "Linux" 
SPRINGBOOT_SECURITY 16:03:20.531 INFO  com.kt.edu.thirdproject.common.filter.LogFilter : - accept = image/avif,image/webp,image/apng,image/svg+xml,image/*,*/*;q=0.8 
SPRINGBOOT_SECURITY 16:03:20.532 INFO  com.kt.edu.thirdproject.common.filter.LogFilter : - sec-fetch-site = same-origin 
SPRINGBOOT_SECURITY 16:03:20.532 INFO  com.kt.edu.thirdproject.common.filter.LogFilter : - sec-fetch-mode = no-cors 
SPRINGBOOT_SECURITY 16:03:20.532 INFO  com.kt.edu.thirdproject.common.filter.LogFilter : - sec-fetch-dest = image 
SPRINGBOOT_SECURITY 16:03:20.532 INFO  com.kt.edu.thirdproject.common.filter.LogFilter : - referer = http://localhost:9080/login 
SPRINGBOOT_SECURITY 16:03:20.532 INFO  com.kt.edu.thirdproject.common.filter.LogFilter : - accept-encoding = gzip, deflate, br 
SPRINGBOOT_SECURITY 16:03:20.532 INFO  com.kt.edu.thirdproject.common.filter.LogFilter : - accept-language = ko-KR,ko;q=0.9,en-US;q=0.8,en;q=0.7 
SPRINGBOOT_SECURITY 16:03:20.532 INFO  com.kt.edu.thirdproject.common.filter.LogFilter : -  Parameters 
SPRINGBOOT_SECURITY 16:03:20.532 INFO  com.kt.edu.thirdproject.common.filter.LogFilter : -  Row data 
SPRINGBOOT_SECURITY 16:03:20.534 INFO  com.kt.edu.thirdproject.common.filter.LogFilter : - [/favicon.ico] LogFilter doFilter End 
SPRINGBOOT_SECURITY 16:03:31.223 INFO  com.kt.edu.thirdproject.common.config.JwtRequestFilter : - JWT Start 
SPRINGBOOT_SECURITY 16:03:31.223 INFO  com.kt.edu.thirdproject.common.filter.LogFilter : - [/favicon.ico] LogFilter doFilter Start 
SPRINGBOOT_SECURITY 16:03:31.223 INFO  com.kt.edu.thirdproject.common.filter.LogFilter : -  Headers 
SPRINGBOOT_SECURITY 16:03:31.223 INFO  com.kt.edu.thirdproject.common.filter.LogFilter : - host = localhost:9080 
SPRINGBOOT_SECURITY 16:03:31.223 INFO  com.kt.edu.thirdproject.common.filter.LogFilter : - connection = keep-alive 
SPRINGBOOT_SECURITY 16:03:31.223 INFO  com.kt.edu.thirdproject.common.filter.LogFilter : - sec-ch-ua = "Not A(Brand";v="99", "Google Chrome";v="121", "Chromium";v="121" 
SPRINGBOOT_SECURITY 16:03:31.223 INFO  com.kt.edu.thirdproject.common.filter.LogFilter : - sec-ch-ua-mobile = ?0 
SPRINGBOOT_SECURITY 16:03:31.223 INFO  com.kt.edu.thirdproject.common.filter.LogFilter : - user-agent = Mozilla/5.0 (X11; Linux x86_64) AppleWebKit/537.36 (KHTML, like Gecko) Chrome/121.0.0.0 Safari/537.36 
SPRINGBOOT_SECURITY 16:03:31.223 INFO  com.kt.edu.thirdproject.common.filter.LogFilter : - sec-ch-ua-platform = "Linux" 
SPRINGBOOT_SECURITY 16:03:31.223 INFO  com.kt.edu.thirdproject.common.filter.LogFilter : - accept = image/avif,image/webp,image/apng,image/svg+xml,image/*,*/*;q=0.8 
SPRINGBOOT_SECURITY 16:03:31.223 INFO  com.kt.edu.thirdproject.common.filter.LogFilter : - sec-fetch-site = same-origin 
SPRINGBOOT_SECURITY 16:03:31.224 INFO  com.kt.edu.thirdproject.common.filter.LogFilter : - sec-fetch-mode = no-cors 
SPRINGBOOT_SECURITY 16:03:31.224 INFO  com.kt.edu.thirdproject.common.filter.LogFilter : - sec-fetch-dest = image 
SPRINGBOOT_SECURITY 16:03:31.224 INFO  com.kt.edu.thirdproject.common.filter.LogFilter : - referer = http://localhost:9080/login 
SPRINGBOOT_SECURITY 16:03:31.224 INFO  com.kt.edu.thirdproject.common.filter.LogFilter : - accept-encoding = gzip, deflate, br 
SPRINGBOOT_SECURITY 16:03:31.224 INFO  com.kt.edu.thirdproject.common.filter.LogFilter : - accept-language = ko-KR,ko;q=0.9,en-US;q=0.8,en;q=0.7 
SPRINGBOOT_SECURITY 16:03:31.224 INFO  com.kt.edu.thirdproject.common.filter.LogFilter : -  Parameters 
SPRINGBOOT_SECURITY 16:03:31.224 INFO  com.kt.edu.thirdproject.common.filter.LogFilter : -  Row data 
SPRINGBOOT_SECURITY 16:03:31.226 INFO  com.kt.edu.thirdproject.common.filter.LogFilter : - [/favicon.ico] LogFilter doFilter End 
SPRINGBOOT_SECURITY 16:06:09.717 INFO  com.zaxxer.hikari.HikariDataSource : - HikariPool-1 - Shutdown initiated... 
SPRINGBOOT_SECURITY 16:06:09.720 INFO  com.zaxxer.hikari.HikariDataSource : - HikariPool-1 - Shutdown completed. 
SPRINGBOOT_SECURITY 16:06:09.724 INFO  com.kt.edu.thirdproject.common.filter.LogFilter : - LogFilter destroy() 
